{"/Users/jordankline/Desktop/code/EPAM/React-App-Mentoring-Program/src/store.js": {"path":"/Users/jordankline/Desktop/code/EPAM/React-App-Mentoring-Program/src/store.js","statementMap":{"0":{"start":{"line":5,"column":19},"end":{"line":8,"column":1}},"1":{"start":{"line":10,"column":14},"end":{"line":13,"column":1}}},"fnMap":{},"branchMap":{"0":{"loc":{"start":{"line":7,"column":6},"end":{"line":7,"column":88}},"type":"cond-expr","locations":[{"start":{"line":7,"column":44},"end":{"line":7,"column":83}},{"start":{"line":7,"column":86},"end":{"line":7,"column":88}}],"line":7}},"s":{"0":1,"1":1},"f":{},"b":{"0":[0,1]},"_coverageSchema":"332fd63041d2c1bcb487cc26dd0d5f7d97098a6c","hash":"749678a72b5a98d1f76395152954e19dd324e6e7"}
,"/Users/jordankline/Desktop/code/EPAM/React-App-Mentoring-Program/src/actions/actions.js": {"path":"/Users/jordankline/Desktop/code/EPAM/React-App-Mentoring-Program/src/actions/actions.js","statementMap":{"0":{"start":{"line":1,"column":23},"end":{"line":1,"column":39}},"1":{"start":{"line":2,"column":28},"end":{"line":2,"column":49}},"2":{"start":{"line":3,"column":29},"end":{"line":3,"column":51}},"3":{"start":{"line":4,"column":24},"end":{"line":4,"column":41}},"4":{"start":{"line":5,"column":27},"end":{"line":5,"column":47}},"5":{"start":{"line":6,"column":26},"end":{"line":6,"column":45}},"6":{"start":{"line":7,"column":31},"end":{"line":7,"column":55}},"7":{"start":{"line":8,"column":22},"end":{"line":8,"column":37}},"8":{"start":{"line":9,"column":20},"end":{"line":9,"column":33}},"9":{"start":{"line":12,"column":29},"end":{"line":14,"column":1}},"10":{"start":{"line":13,"column":2},"end":{"line":13,"column":53}},"11":{"start":{"line":16,"column":26},"end":{"line":18,"column":1}},"12":{"start":{"line":17,"column":2},"end":{"line":17,"column":38}},"13":{"start":{"line":20,"column":27},"end":{"line":22,"column":1}},"14":{"start":{"line":21,"column":2},"end":{"line":21,"column":39}},"15":{"start":{"line":24,"column":29},"end":{"line":26,"column":1}},"16":{"start":{"line":25,"column":2},"end":{"line":25,"column":30}},"17":{"start":{"line":28,"column":28},"end":{"line":38,"column":1}},"18":{"start":{"line":28,"column":35},"end":{"line":38,"column":1}},"19":{"start":{"line":29,"column":2},"end":{"line":37,"column":6}},"20":{"start":{"line":30,"column":17},"end":{"line":30,"column":27}},"21":{"start":{"line":32,"column":21},"end":{"line":32,"column":44}},"22":{"start":{"line":33,"column":6},"end":{"line":33,"column":29}},"23":{"start":{"line":34,"column":6},"end":{"line":34,"column":56}},"24":{"start":{"line":35,"column":6},"end":{"line":35,"column":31}},"25":{"start":{"line":36,"column":6},"end":{"line":36,"column":29}},"26":{"start":{"line":40,"column":16},"end":{"line":44,"column":1}},"27":{"start":{"line":41,"column":2},"end":{"line":43,"column":3}},"28":{"start":{"line":42,"column":14},"end":{"line":42,"column":63}},"29":{"start":{"line":46,"column":29},"end":{"line":58,"column":1}},"30":{"start":{"line":46,"column":51},"end":{"line":58,"column":1}},"31":{"start":{"line":47,"column":14},"end":{"line":47,"column":69}},"32":{"start":{"line":48,"column":2},"end":{"line":48,"column":24}},"33":{"start":{"line":49,"column":2},"end":{"line":57,"column":6}},"34":{"start":{"line":50,"column":17},"end":{"line":50,"column":27}},"35":{"start":{"line":52,"column":21},"end":{"line":52,"column":44}},"36":{"start":{"line":53,"column":6},"end":{"line":53,"column":29}},"37":{"start":{"line":54,"column":6},"end":{"line":54,"column":52}},"38":{"start":{"line":55,"column":6},"end":{"line":55,"column":31}},"39":{"start":{"line":56,"column":6},"end":{"line":56,"column":29}},"40":{"start":{"line":60,"column":33},"end":{"line":62,"column":1}},"41":{"start":{"line":61,"column":2},"end":{"line":61,"column":57}},"42":{"start":{"line":64,"column":35},"end":{"line":66,"column":1}},"43":{"start":{"line":65,"column":2},"end":{"line":65,"column":59}},"44":{"start":{"line":68,"column":38},"end":{"line":75,"column":1}},"45":{"start":{"line":68,"column":44},"end":{"line":75,"column":1}},"46":{"start":{"line":69,"column":14},"end":{"line":69,"column":62}},"47":{"start":{"line":70,"column":2},"end":{"line":74,"column":5}},"48":{"start":{"line":71,"column":17},"end":{"line":71,"column":27}},"49":{"start":{"line":73,"column":6},"end":{"line":73,"column":69}},"50":{"start":{"line":77,"column":43},"end":{"line":79,"column":1}},"51":{"start":{"line":78,"column":2},"end":{"line":78,"column":60}},"52":{"start":{"line":81,"column":28},"end":{"line":83,"column":1}},"53":{"start":{"line":82,"column":2},"end":{"line":82,"column":47}}},"fnMap":{"0":{"name":"(anonymous_0)","decl":{"start":{"line":12,"column":29},"end":{"line":12,"column":30}},"loc":{"start":{"line":12,"column":43},"end":{"line":14,"column":1}},"line":12},"1":{"name":"(anonymous_1)","decl":{"start":{"line":16,"column":26},"end":{"line":16,"column":27}},"loc":{"start":{"line":16,"column":32},"end":{"line":18,"column":1}},"line":16},"2":{"name":"(anonymous_2)","decl":{"start":{"line":20,"column":27},"end":{"line":20,"column":28}},"loc":{"start":{"line":20,"column":33},"end":{"line":22,"column":1}},"line":20},"3":{"name":"(anonymous_3)","decl":{"start":{"line":24,"column":29},"end":{"line":24,"column":30}},"loc":{"start":{"line":24,"column":35},"end":{"line":26,"column":1}},"line":24},"4":{"name":"(anonymous_4)","decl":{"start":{"line":28,"column":28},"end":{"line":28,"column":29}},"loc":{"start":{"line":28,"column":35},"end":{"line":38,"column":1}},"line":28},"5":{"name":"(anonymous_5)","decl":{"start":{"line":28,"column":35},"end":{"line":28,"column":36}},"loc":{"start":{"line":28,"column":47},"end":{"line":38,"column":1}},"line":28},"6":{"name":"(anonymous_6)","decl":{"start":{"line":30,"column":10},"end":{"line":30,"column":11}},"loc":{"start":{"line":30,"column":17},"end":{"line":30,"column":27}},"line":30},"7":{"name":"(anonymous_7)","decl":{"start":{"line":31,"column":10},"end":{"line":31,"column":11}},"loc":{"start":{"line":31,"column":18},"end":{"line":37,"column":5}},"line":31},"8":{"name":"(anonymous_8)","decl":{"start":{"line":40,"column":16},"end":{"line":40,"column":17}},"loc":{"start":{"line":40,"column":26},"end":{"line":44,"column":1}},"line":40},"9":{"name":"(anonymous_9)","decl":{"start":{"line":42,"column":4},"end":{"line":42,"column":5}},"loc":{"start":{"line":42,"column":14},"end":{"line":42,"column":63}},"line":42},"10":{"name":"(anonymous_10)","decl":{"start":{"line":46,"column":29},"end":{"line":46,"column":30}},"loc":{"start":{"line":46,"column":51},"end":{"line":58,"column":1}},"line":46},"11":{"name":"(anonymous_11)","decl":{"start":{"line":46,"column":51},"end":{"line":46,"column":52}},"loc":{"start":{"line":46,"column":63},"end":{"line":58,"column":1}},"line":46},"12":{"name":"(anonymous_12)","decl":{"start":{"line":50,"column":10},"end":{"line":50,"column":11}},"loc":{"start":{"line":50,"column":17},"end":{"line":50,"column":27}},"line":50},"13":{"name":"(anonymous_13)","decl":{"start":{"line":51,"column":10},"end":{"line":51,"column":11}},"loc":{"start":{"line":51,"column":18},"end":{"line":57,"column":5}},"line":51},"14":{"name":"(anonymous_14)","decl":{"start":{"line":60,"column":33},"end":{"line":60,"column":34}},"loc":{"start":{"line":60,"column":39},"end":{"line":62,"column":1}},"line":60},"15":{"name":"(anonymous_15)","decl":{"start":{"line":64,"column":35},"end":{"line":64,"column":36}},"loc":{"start":{"line":64,"column":41},"end":{"line":66,"column":1}},"line":64},"16":{"name":"(anonymous_16)","decl":{"start":{"line":68,"column":38},"end":{"line":68,"column":39}},"loc":{"start":{"line":68,"column":44},"end":{"line":75,"column":1}},"line":68},"17":{"name":"(anonymous_17)","decl":{"start":{"line":68,"column":44},"end":{"line":68,"column":45}},"loc":{"start":{"line":68,"column":56},"end":{"line":75,"column":1}},"line":68},"18":{"name":"(anonymous_18)","decl":{"start":{"line":71,"column":10},"end":{"line":71,"column":11}},"loc":{"start":{"line":71,"column":17},"end":{"line":71,"column":27}},"line":71},"19":{"name":"(anonymous_19)","decl":{"start":{"line":72,"column":10},"end":{"line":72,"column":11}},"loc":{"start":{"line":73,"column":6},"end":{"line":73,"column":69}},"line":73},"20":{"name":"(anonymous_20)","decl":{"start":{"line":77,"column":43},"end":{"line":77,"column":44}},"loc":{"start":{"line":77,"column":49},"end":{"line":79,"column":1}},"line":77},"21":{"name":"(anonymous_21)","decl":{"start":{"line":81,"column":28},"end":{"line":81,"column":29}},"loc":{"start":{"line":81,"column":36},"end":{"line":83,"column":1}},"line":81}},"branchMap":{},"s":{"0":1,"1":1,"2":1,"3":1,"4":1,"5":1,"6":1,"7":1,"8":1,"9":1,"10":0,"11":1,"12":0,"13":1,"14":0,"15":1,"16":0,"17":1,"18":0,"19":0,"20":0,"21":0,"22":0,"23":0,"24":0,"25":0,"26":1,"27":0,"28":0,"29":1,"30":0,"31":0,"32":0,"33":0,"34":0,"35":0,"36":0,"37":0,"38":0,"39":0,"40":1,"41":0,"42":1,"43":0,"44":1,"45":0,"46":0,"47":0,"48":0,"49":0,"50":1,"51":0,"52":1,"53":0},"f":{"0":0,"1":0,"2":0,"3":0,"4":0,"5":0,"6":0,"7":0,"8":0,"9":0,"10":0,"11":0,"12":0,"13":0,"14":0,"15":0,"16":0,"17":0,"18":0,"19":0,"20":0,"21":0},"b":{},"_coverageSchema":"332fd63041d2c1bcb487cc26dd0d5f7d97098a6c","hash":"a0e10a2a173c0ef1507c60d187d24e2eec91122a"}
,"/Users/jordankline/Desktop/code/EPAM/React-App-Mentoring-Program/src/components/Lost.js": {"path":"/Users/jordankline/Desktop/code/EPAM/React-App-Mentoring-Program/src/components/Lost.js","statementMap":{"0":{"start":{"line":6,"column":4},"end":{"line":11,"column":5}}},"fnMap":{"0":{"name":"(anonymous_0)","decl":{"start":{"line":5,"column":2},"end":{"line":5,"column":3}},"loc":{"start":{"line":5,"column":11},"end":{"line":12,"column":3}},"line":5}},"branchMap":{},"s":{"0":0},"f":{"0":0},"b":{},"_coverageSchema":"332fd63041d2c1bcb487cc26dd0d5f7d97098a6c","hash":"7a68b173b54074eb897fe5aa7b45854e9003ab70"}
,"/Users/jordankline/Desktop/code/EPAM/React-App-Mentoring-Program/src/components/DisplayTiles/DisplayTiles.js": {"path":"/Users/jordankline/Desktop/code/EPAM/React-App-Mentoring-Program/src/components/DisplayTiles/DisplayTiles.js","statementMap":{"0":{"start":{"line":6,"column":21},"end":{"line":38,"column":1}},"1":{"start":{"line":7,"column":2},"end":{"line":37,"column":3}},"2":{"start":{"line":8,"column":4},"end":{"line":8,"column":52}},"3":{"start":{"line":9,"column":9},"end":{"line":37,"column":3}},"4":{"start":{"line":10,"column":23},"end":{"line":10,"column":40}},"5":{"start":{"line":12,"column":4},"end":{"line":16,"column":5}},"6":{"start":{"line":13,"column":6},"end":{"line":15,"column":7}},"7":{"start":{"line":14,"column":17},"end":{"line":14,"column":51}},"8":{"start":{"line":18,"column":4},"end":{"line":32,"column":5}},"9":{"start":{"line":21,"column":10},"end":{"line":29,"column":22}},"10":{"start":{"line":33,"column":9},"end":{"line":37,"column":3}},"11":{"start":{"line":34,"column":4},"end":{"line":34,"column":56}},"12":{"start":{"line":36,"column":4},"end":{"line":36,"column":15}}},"fnMap":{"0":{"name":"(anonymous_0)","decl":{"start":{"line":6,"column":21},"end":{"line":6,"column":22}},"loc":{"start":{"line":6,"column":30},"end":{"line":38,"column":1}},"line":6},"1":{"name":"(anonymous_1)","decl":{"start":{"line":14,"column":8},"end":{"line":14,"column":9}},"loc":{"start":{"line":14,"column":17},"end":{"line":14,"column":51}},"line":14},"2":{"name":"(anonymous_2)","decl":{"start":{"line":20,"column":26},"end":{"line":20,"column":27}},"loc":{"start":{"line":21,"column":10},"end":{"line":29,"column":22}},"line":21}},"branchMap":{"0":{"loc":{"start":{"line":7,"column":2},"end":{"line":37,"column":3}},"type":"if","locations":[{"start":{"line":7,"column":2},"end":{"line":37,"column":3}},{"start":{"line":7,"column":2},"end":{"line":37,"column":3}}],"line":7},"1":{"loc":{"start":{"line":9,"column":9},"end":{"line":37,"column":3}},"type":"if","locations":[{"start":{"line":9,"column":9},"end":{"line":37,"column":3}},{"start":{"line":9,"column":9},"end":{"line":37,"column":3}}],"line":9},"2":{"loc":{"start":{"line":12,"column":4},"end":{"line":16,"column":5}},"type":"if","locations":[{"start":{"line":12,"column":4},"end":{"line":16,"column":5}},{"start":{"line":12,"column":4},"end":{"line":16,"column":5}}],"line":12},"3":{"loc":{"start":{"line":33,"column":9},"end":{"line":37,"column":3}},"type":"if","locations":[{"start":{"line":33,"column":9},"end":{"line":37,"column":3}},{"start":{"line":33,"column":9},"end":{"line":37,"column":3}}],"line":33},"4":{"loc":{"start":{"line":33,"column":13},"end":{"line":33,"column":71}},"type":"binary-expr","locations":[{"start":{"line":33,"column":13},"end":{"line":33,"column":24}},{"start":{"line":33,"column":28},"end":{"line":33,"column":53}},{"start":{"line":33,"column":57},"end":{"line":33,"column":71}}],"line":33}},"s":{"0":1,"1":1,"2":0,"3":1,"4":0,"5":0,"6":0,"7":0,"8":0,"9":0,"10":1,"11":0,"12":1},"f":{"0":1,"1":0,"2":0},"b":{"0":[0,1],"1":[0,1],"2":[0,0],"3":[0,1],"4":[1,0,0]},"_coverageSchema":"332fd63041d2c1bcb487cc26dd0d5f7d97098a6c","hash":"9c4671854957a9b889de1ad8ffc46968651f3ee1"}
,"/Users/jordankline/Desktop/code/EPAM/React-App-Mentoring-Program/src/components/FilterToggle/FilterToggle.js": {"path":"/Users/jordankline/Desktop/code/EPAM/React-App-Mentoring-Program/src/components/FilterToggle/FilterToggle.js","statementMap":{"0":{"start":{"line":5,"column":21},"end":{"line":19,"column":1}},"1":{"start":{"line":6,"column":2},"end":{"line":18,"column":3}},"2":{"start":{"line":8,"column":26},"end":{"line":8,"column":46}},"3":{"start":{"line":23,"column":0},"end":{"line":26,"column":1}}},"fnMap":{"0":{"name":"(anonymous_0)","decl":{"start":{"line":5,"column":21},"end":{"line":5,"column":22}},"loc":{"start":{"line":5,"column":30},"end":{"line":19,"column":1}},"line":5},"1":{"name":"(anonymous_1)","decl":{"start":{"line":8,"column":20},"end":{"line":8,"column":21}},"loc":{"start":{"line":8,"column":26},"end":{"line":8,"column":46}},"line":8}},"branchMap":{"0":{"loc":{"start":{"line":10,"column":26},"end":{"line":10,"column":56}},"type":"cond-expr","locations":[{"start":{"line":10,"column":41},"end":{"line":10,"column":45}},{"start":{"line":10,"column":48},"end":{"line":10,"column":56}}],"line":10},"1":{"loc":{"start":{"line":13,"column":26},"end":{"line":13,"column":56}},"type":"cond-expr","locations":[{"start":{"line":13,"column":41},"end":{"line":13,"column":49}},{"start":{"line":13,"column":52},"end":{"line":13,"column":56}}],"line":13}},"s":{"0":1,"1":0,"2":0,"3":1},"f":{"0":0,"1":0},"b":{"0":[0,0],"1":[0,0]},"_coverageSchema":"332fd63041d2c1bcb487cc26dd0d5f7d97098a6c","hash":"08e7821775d89500ee6744488dfd1f3a240c7bee"}
,"/Users/jordankline/Desktop/code/EPAM/React-App-Mentoring-Program/src/components/Footer/Footer.js": {"path":"/Users/jordankline/Desktop/code/EPAM/React-App-Mentoring-Program/src/components/Footer/Footer.js","statementMap":{"0":{"start":{"line":4,"column":15},"end":{"line":10,"column":1}},"1":{"start":{"line":5,"column":2},"end":{"line":9,"column":3}}},"fnMap":{"0":{"name":"(anonymous_0)","decl":{"start":{"line":4,"column":15},"end":{"line":4,"column":16}},"loc":{"start":{"line":4,"column":21},"end":{"line":10,"column":1}},"line":4}},"branchMap":{},"s":{"0":1,"1":2},"f":{"0":2},"b":{},"_coverageSchema":"332fd63041d2c1bcb487cc26dd0d5f7d97098a6c","hash":"8888e79012d88649ba855e122f52844644f2aec9"}
,"/Users/jordankline/Desktop/code/EPAM/React-App-Mentoring-Program/src/components/Header/Header.js": {"path":"/Users/jordankline/Desktop/code/EPAM/React-App-Mentoring-Program/src/components/Header/Header.js","statementMap":{"0":{"start":{"line":5,"column":15},"end":{"line":18,"column":1}},"1":{"start":{"line":6,"column":2},"end":{"line":17,"column":3}},"2":{"start":{"line":12,"column":31},"end":{"line":12,"column":75}},"3":{"start":{"line":22,"column":0},"end":{"line":25,"column":1}}},"fnMap":{"0":{"name":"(anonymous_0)","decl":{"start":{"line":5,"column":15},"end":{"line":5,"column":16}},"loc":{"start":{"line":5,"column":24},"end":{"line":18,"column":1}},"line":5},"1":{"name":"(anonymous_1)","decl":{"start":{"line":12,"column":25},"end":{"line":12,"column":26}},"loc":{"start":{"line":12,"column":31},"end":{"line":12,"column":75}},"line":12}},"branchMap":{"0":{"loc":{"start":{"line":11,"column":7},"end":{"line":15,"column":7}},"type":"binary-expr","locations":[{"start":{"line":11,"column":7},"end":{"line":11,"column":20}},{"start":{"line":12,"column":8},"end":{"line":14,"column":17}}],"line":11}},"s":{"0":1,"1":1,"2":0,"3":1},"f":{"0":1,"1":0},"b":{"0":[1,0]},"_coverageSchema":"332fd63041d2c1bcb487cc26dd0d5f7d97098a6c","hash":"5a0c7bf11dbd1159a0903344bd6b31e4569c7978"}
,"/Users/jordankline/Desktop/code/EPAM/React-App-Mentoring-Program/src/components/MovieImage/MovieImage.js": {"path":"/Users/jordankline/Desktop/code/EPAM/React-App-Mentoring-Program/src/components/MovieImage/MovieImage.js","statementMap":{"0":{"start":{"line":5,"column":19},"end":{"line":17,"column":1}},"1":{"start":{"line":6,"column":2},"end":{"line":16,"column":3}},"2":{"start":{"line":21,"column":0},"end":{"line":23,"column":1}}},"fnMap":{"0":{"name":"(anonymous_0)","decl":{"start":{"line":5,"column":19},"end":{"line":5,"column":20}},"loc":{"start":{"line":5,"column":28},"end":{"line":17,"column":1}},"line":5}},"branchMap":{"0":{"loc":{"start":{"line":10,"column":10},"end":{"line":12,"column":45}},"type":"cond-expr","locations":[{"start":{"line":11,"column":14},"end":{"line":11,"column":61}},{"start":{"line":12,"column":14},"end":{"line":12,"column":45}}],"line":10}},"s":{"0":1,"1":0,"2":1},"f":{"0":0},"b":{"0":[0,0]},"_coverageSchema":"332fd63041d2c1bcb487cc26dd0d5f7d97098a6c","hash":"96d0b4f46359008cc90ebe66bc184812e1cdbf45"}
,"/Users/jordankline/Desktop/code/EPAM/React-App-Mentoring-Program/src/components/MovieInfo/MovieInfo.js": {"path":"/Users/jordankline/Desktop/code/EPAM/React-App-Mentoring-Program/src/components/MovieInfo/MovieInfo.js","statementMap":{"0":{"start":{"line":5,"column":18},"end":{"line":12,"column":1}},"1":{"start":{"line":6,"column":2},"end":{"line":11,"column":3}},"2":{"start":{"line":16,"column":0},"end":{"line":18,"column":1}}},"fnMap":{"0":{"name":"(anonymous_0)","decl":{"start":{"line":5,"column":18},"end":{"line":5,"column":19}},"loc":{"start":{"line":5,"column":27},"end":{"line":12,"column":1}},"line":5}},"branchMap":{},"s":{"0":1,"1":0,"2":1},"f":{"0":0},"b":{},"_coverageSchema":"332fd63041d2c1bcb487cc26dd0d5f7d97098a6c","hash":"c13f770b5f7fc0ba8fc696323b368705c543b146"}
,"/Users/jordankline/Desktop/code/EPAM/React-App-Mentoring-Program/src/components/MovieTile/MovieTile.js": {"path":"/Users/jordankline/Desktop/code/EPAM/React-App-Mentoring-Program/src/components/MovieTile/MovieTile.js","statementMap":{"0":{"start":{"line":6,"column":18},"end":{"line":24,"column":1}},"1":{"start":{"line":7,"column":2},"end":{"line":23,"column":3}},"2":{"start":{"line":17,"column":25},"end":{"line":17,"column":64}},"3":{"start":{"line":28,"column":0},"end":{"line":32,"column":1}}},"fnMap":{"0":{"name":"(anonymous_0)","decl":{"start":{"line":6,"column":18},"end":{"line":6,"column":19}},"loc":{"start":{"line":6,"column":27},"end":{"line":24,"column":1}},"line":6},"1":{"name":"(anonymous_1)","decl":{"start":{"line":17,"column":19},"end":{"line":17,"column":20}},"loc":{"start":{"line":17,"column":25},"end":{"line":17,"column":64}},"line":17}},"branchMap":{"0":{"loc":{"start":{"line":13,"column":12},"end":{"line":15,"column":47}},"type":"cond-expr","locations":[{"start":{"line":14,"column":16},"end":{"line":14,"column":63}},{"start":{"line":15,"column":16},"end":{"line":15,"column":47}}],"line":13}},"s":{"0":1,"1":0,"2":0,"3":1},"f":{"0":0,"1":0},"b":{"0":[0,0]},"_coverageSchema":"332fd63041d2c1bcb487cc26dd0d5f7d97098a6c","hash":"0b2ed7dc49ad47327ca7bfeb5212a10fe5bb2319"}
,"/Users/jordankline/Desktop/code/EPAM/React-App-Mentoring-Program/src/components/ResultsFilter/ResultsFilter.js": {"path":"/Users/jordankline/Desktop/code/EPAM/React-App-Mentoring-Program/src/components/ResultsFilter/ResultsFilter.js","statementMap":{"0":{"start":{"line":5,"column":22},"end":{"line":29,"column":1}},"1":{"start":{"line":6,"column":2},"end":{"line":28,"column":3}},"2":{"start":{"line":7,"column":4},"end":{"line":13,"column":5}},"3":{"start":{"line":15,"column":4},"end":{"line":27,"column":5}}},"fnMap":{"0":{"name":"(anonymous_0)","decl":{"start":{"line":5,"column":22},"end":{"line":5,"column":23}},"loc":{"start":{"line":5,"column":31},"end":{"line":29,"column":1}},"line":5}},"branchMap":{"0":{"loc":{"start":{"line":6,"column":2},"end":{"line":28,"column":3}},"type":"if","locations":[{"start":{"line":6,"column":2},"end":{"line":28,"column":3}},{"start":{"line":6,"column":2},"end":{"line":28,"column":3}}],"line":6},"1":{"loc":{"start":{"line":17,"column":9},"end":{"line":25,"column":9}},"type":"binary-expr","locations":[{"start":{"line":17,"column":9},"end":{"line":17,"column":24}},{"start":{"line":18,"column":10},"end":{"line":24,"column":13}}],"line":17}},"s":{"0":1,"1":1,"2":0,"3":1},"f":{"0":1},"b":{"0":[0,1],"1":[1,0]},"_coverageSchema":"332fd63041d2c1bcb487cc26dd0d5f7d97098a6c","hash":"2bf8910d415f9805a6d3b023f59ae1584726deae"}
,"/Users/jordankline/Desktop/code/EPAM/React-App-Mentoring-Program/src/components/ShowDetails/ShowDetails.js": {"path":"/Users/jordankline/Desktop/code/EPAM/React-App-Mentoring-Program/src/components/ShowDetails/ShowDetails.js","statementMap":{"0":{"start":{"line":5,"column":20},"end":{"line":25,"column":1}},"1":{"start":{"line":6,"column":2},"end":{"line":24,"column":3}},"2":{"start":{"line":29,"column":0},"end":{"line":31,"column":1}}},"fnMap":{"0":{"name":"(anonymous_0)","decl":{"start":{"line":5,"column":20},"end":{"line":5,"column":21}},"loc":{"start":{"line":5,"column":29},"end":{"line":25,"column":1}},"line":5}},"branchMap":{},"s":{"0":1,"1":0,"2":1},"f":{"0":0},"b":{},"_coverageSchema":"332fd63041d2c1bcb487cc26dd0d5f7d97098a6c","hash":"2736a68415b0d72f41e0fa83b7055fe5cbf1fa80"}
,"/Users/jordankline/Desktop/code/EPAM/React-App-Mentoring-Program/src/containers/App.js": {"path":"/Users/jordankline/Desktop/code/EPAM/React-App-Mentoring-Program/src/containers/App.js","statementMap":{"0":{"start":{"line":11,"column":12},"end":{"line":24,"column":1}},"1":{"start":{"line":12,"column":2},"end":{"line":23,"column":3}},"2":{"start":{"line":15,"column":46},"end":{"line":15,"column":71}}},"fnMap":{"0":{"name":"(anonymous_0)","decl":{"start":{"line":11,"column":12},"end":{"line":11,"column":13}},"loc":{"start":{"line":11,"column":18},"end":{"line":24,"column":1}},"line":11},"1":{"name":"(anonymous_1)","decl":{"start":{"line":15,"column":40},"end":{"line":15,"column":41}},"loc":{"start":{"line":15,"column":46},"end":{"line":15,"column":71}},"line":15}},"branchMap":{},"s":{"0":1,"1":2,"2":1},"f":{"0":2,"1":1},"b":{},"_coverageSchema":"332fd63041d2c1bcb487cc26dd0d5f7d97098a6c","hash":"259247d0042fe33c02bdf890c0cdb3837d6f08b9"}
,"/Users/jordankline/Desktop/code/EPAM/React-App-Mentoring-Program/src/containers/SearchPage/SearchPage.js": {"path":"/Users/jordankline/Desktop/code/EPAM/React-App-Mentoring-Program/src/containers/SearchPage/SearchPage.js","statementMap":{"0":{"start":{"line":10,"column":4},"end":{"line":10,"column":16}},"1":{"start":{"line":12,"column":4},"end":{"line":14,"column":5}},"2":{"start":{"line":18,"column":4},"end":{"line":20,"column":5}},"3":{"start":{"line":19,"column":6},"end":{"line":19,"column":25}},"4":{"start":{"line":24,"column":4},"end":{"line":26,"column":6}},"5":{"start":{"line":30,"column":4},"end":{"line":34,"column":5}},"6":{"start":{"line":31,"column":6},"end":{"line":31,"column":47}},"7":{"start":{"line":32,"column":6},"end":{"line":32,"column":29}},"8":{"start":{"line":33,"column":6},"end":{"line":33,"column":77}},"9":{"start":{"line":38,"column":4},"end":{"line":41,"column":5}},"10":{"start":{"line":39,"column":6},"end":{"line":39,"column":70}},"11":{"start":{"line":40,"column":6},"end":{"line":40,"column":24}},"12":{"start":{"line":45,"column":4},"end":{"line":47,"column":5}},"13":{"start":{"line":46,"column":6},"end":{"line":46,"column":24}},"14":{"start":{"line":51,"column":4},"end":{"line":67,"column":5}},"15":{"start":{"line":71,"column":24},"end":{"line":75,"column":1}},"16":{"start":{"line":72,"column":2},"end":{"line":74,"column":3}},"17":{"start":{"line":77,"column":27},"end":{"line":89,"column":1}},"18":{"start":{"line":78,"column":2},"end":{"line":88,"column":3}},"19":{"start":{"line":80,"column":6},"end":{"line":80,"column":33}},"20":{"start":{"line":83,"column":6},"end":{"line":83,"column":36}},"21":{"start":{"line":86,"column":6},"end":{"line":86,"column":28}},"22":{"start":{"line":96,"column":0},"end":{"line":103,"column":1}}},"fnMap":{"0":{"name":"(anonymous_0)","decl":{"start":{"line":9,"column":2},"end":{"line":9,"column":3}},"loc":{"start":{"line":9,"column":21},"end":{"line":15,"column":3}},"line":9},"1":{"name":"(anonymous_1)","decl":{"start":{"line":17,"column":20},"end":{"line":17,"column":21}},"loc":{"start":{"line":17,"column":25},"end":{"line":21,"column":3}},"line":17},"2":{"name":"(anonymous_2)","decl":{"start":{"line":23,"column":16},"end":{"line":23,"column":17}},"loc":{"start":{"line":23,"column":21},"end":{"line":27,"column":3}},"line":23},"3":{"name":"(anonymous_3)","decl":{"start":{"line":29,"column":16},"end":{"line":29,"column":17}},"loc":{"start":{"line":29,"column":22},"end":{"line":35,"column":3}},"line":29},"4":{"name":"(anonymous_4)","decl":{"start":{"line":37,"column":17},"end":{"line":37,"column":18}},"loc":{"start":{"line":37,"column":23},"end":{"line":42,"column":3}},"line":37},"5":{"name":"(anonymous_5)","decl":{"start":{"line":44,"column":22},"end":{"line":44,"column":23}},"loc":{"start":{"line":44,"column":28},"end":{"line":48,"column":3}},"line":44},"6":{"name":"(anonymous_6)","decl":{"start":{"line":50,"column":2},"end":{"line":50,"column":3}},"loc":{"start":{"line":50,"column":11},"end":{"line":68,"column":3}},"line":50},"7":{"name":"(anonymous_7)","decl":{"start":{"line":71,"column":24},"end":{"line":71,"column":25}},"loc":{"start":{"line":71,"column":33},"end":{"line":75,"column":1}},"line":71},"8":{"name":"(anonymous_8)","decl":{"start":{"line":77,"column":27},"end":{"line":77,"column":28}},"loc":{"start":{"line":77,"column":39},"end":{"line":89,"column":1}},"line":77},"9":{"name":"(anonymous_9)","decl":{"start":{"line":79,"column":15},"end":{"line":79,"column":16}},"loc":{"start":{"line":79,"column":22},"end":{"line":81,"column":5}},"line":79},"10":{"name":"(anonymous_10)","decl":{"start":{"line":82,"column":19},"end":{"line":82,"column":20}},"loc":{"start":{"line":82,"column":28},"end":{"line":84,"column":5}},"line":82},"11":{"name":"(anonymous_11)","decl":{"start":{"line":85,"column":16},"end":{"line":85,"column":17}},"loc":{"start":{"line":85,"column":22},"end":{"line":87,"column":5}},"line":85}},"branchMap":{"0":{"loc":{"start":{"line":18,"column":4},"end":{"line":20,"column":5}},"type":"if","locations":[{"start":{"line":18,"column":4},"end":{"line":20,"column":5}},{"start":{"line":18,"column":4},"end":{"line":20,"column":5}}],"line":18},"1":{"loc":{"start":{"line":30,"column":4},"end":{"line":34,"column":5}},"type":"if","locations":[{"start":{"line":30,"column":4},"end":{"line":34,"column":5}},{"start":{"line":30,"column":4},"end":{"line":34,"column":5}}],"line":30},"2":{"loc":{"start":{"line":38,"column":4},"end":{"line":41,"column":5}},"type":"if","locations":[{"start":{"line":38,"column":4},"end":{"line":41,"column":5}},{"start":{"line":38,"column":4},"end":{"line":41,"column":5}}],"line":38},"3":{"loc":{"start":{"line":45,"column":4},"end":{"line":47,"column":5}},"type":"if","locations":[{"start":{"line":45,"column":4},"end":{"line":47,"column":5}},{"start":{"line":45,"column":4},"end":{"line":47,"column":5}}],"line":45},"4":{"loc":{"start":{"line":45,"column":8},"end":{"line":45,"column":57}},"type":"binary-expr","locations":[{"start":{"line":45,"column":8},"end":{"line":45,"column":36}},{"start":{"line":45,"column":40},"end":{"line":45,"column":57}}],"line":45}},"s":{"0":1,"1":1,"2":0,"3":0,"4":0,"5":0,"6":0,"7":0,"8":0,"9":0,"10":0,"11":0,"12":1,"13":0,"14":1,"15":1,"16":1,"17":1,"18":1,"19":0,"20":0,"21":0,"22":1},"f":{"0":1,"1":0,"2":0,"3":0,"4":0,"5":1,"6":1,"7":1,"8":1,"9":0,"10":0,"11":0},"b":{"0":[0,0],"1":[0,0],"2":[0,0],"3":[0,1],"4":[1,0]},"_coverageSchema":"332fd63041d2c1bcb487cc26dd0d5f7d97098a6c","hash":"b7379cf3b89e420d7f58ccf96666ba81e92f9e8b"}
,"/Users/jordankline/Desktop/code/EPAM/React-App-Mentoring-Program/src/containers/SearchResults/SearchResults.js": {"path":"/Users/jordankline/Desktop/code/EPAM/React-App-Mentoring-Program/src/containers/SearchResults/SearchResults.js","statementMap":{"0":{"start":{"line":12,"column":4},"end":{"line":12,"column":16}},"1":{"start":{"line":16,"column":4},"end":{"line":16,"column":30}},"2":{"start":{"line":20,"column":4},"end":{"line":20,"column":46}},"3":{"start":{"line":21,"column":4},"end":{"line":21,"column":30}},"4":{"start":{"line":25,"column":4},"end":{"line":27,"column":5}},"5":{"start":{"line":26,"column":6},"end":{"line":26,"column":72}},"6":{"start":{"line":31,"column":4},"end":{"line":33,"column":5}},"7":{"start":{"line":32,"column":6},"end":{"line":32,"column":29}},"8":{"start":{"line":37,"column":4},"end":{"line":37,"column":59}},"9":{"start":{"line":41,"column":4},"end":{"line":61,"column":5}},"10":{"start":{"line":65,"column":24},"end":{"line":76,"column":1}},"11":{"start":{"line":66,"column":2},"end":{"line":75,"column":3}},"12":{"start":{"line":78,"column":27},"end":{"line":93,"column":1}},"13":{"start":{"line":79,"column":2},"end":{"line":92,"column":3}},"14":{"start":{"line":81,"column":6},"end":{"line":81,"column":37}},"15":{"start":{"line":84,"column":6},"end":{"line":84,"column":34}},"16":{"start":{"line":87,"column":6},"end":{"line":87,"column":31}},"17":{"start":{"line":90,"column":6},"end":{"line":90,"column":47}},"18":{"start":{"line":100,"column":0},"end":{"line":113,"column":1}}},"fnMap":{"0":{"name":"(anonymous_0)","decl":{"start":{"line":11,"column":2},"end":{"line":11,"column":3}},"loc":{"start":{"line":11,"column":21},"end":{"line":13,"column":3}},"line":11},"1":{"name":"(anonymous_1)","decl":{"start":{"line":15,"column":22},"end":{"line":15,"column":23}},"loc":{"start":{"line":15,"column":28},"end":{"line":17,"column":3}},"line":15},"2":{"name":"(anonymous_2)","decl":{"start":{"line":19,"column":15},"end":{"line":19,"column":16}},"loc":{"start":{"line":19,"column":21},"end":{"line":22,"column":3}},"line":19},"3":{"name":"(anonymous_3)","decl":{"start":{"line":24,"column":21},"end":{"line":24,"column":22}},"loc":{"start":{"line":24,"column":27},"end":{"line":28,"column":3}},"line":24},"4":{"name":"(anonymous_4)","decl":{"start":{"line":30,"column":29},"end":{"line":30,"column":30}},"loc":{"start":{"line":30,"column":35},"end":{"line":34,"column":3}},"line":30},"5":{"name":"(anonymous_5)","decl":{"start":{"line":36,"column":2},"end":{"line":36,"column":3}},"loc":{"start":{"line":36,"column":22},"end":{"line":38,"column":3}},"line":36},"6":{"name":"(anonymous_6)","decl":{"start":{"line":40,"column":2},"end":{"line":40,"column":3}},"loc":{"start":{"line":40,"column":11},"end":{"line":62,"column":3}},"line":40},"7":{"name":"(anonymous_7)","decl":{"start":{"line":65,"column":24},"end":{"line":65,"column":25}},"loc":{"start":{"line":65,"column":33},"end":{"line":76,"column":1}},"line":65},"8":{"name":"(anonymous_8)","decl":{"start":{"line":78,"column":27},"end":{"line":78,"column":28}},"loc":{"start":{"line":78,"column":39},"end":{"line":93,"column":1}},"line":78},"9":{"name":"(anonymous_9)","decl":{"start":{"line":80,"column":17},"end":{"line":80,"column":18}},"loc":{"start":{"line":80,"column":23},"end":{"line":82,"column":5}},"line":80},"10":{"name":"(anonymous_10)","decl":{"start":{"line":83,"column":18},"end":{"line":83,"column":19}},"loc":{"start":{"line":83,"column":26},"end":{"line":85,"column":5}},"line":83},"11":{"name":"(anonymous_11)","decl":{"start":{"line":86,"column":19},"end":{"line":86,"column":20}},"loc":{"start":{"line":86,"column":25},"end":{"line":88,"column":5}},"line":86},"12":{"name":"(anonymous_12)","decl":{"start":{"line":89,"column":19},"end":{"line":89,"column":20}},"loc":{"start":{"line":89,"column":41},"end":{"line":91,"column":5}},"line":89}},"branchMap":{"0":{"loc":{"start":{"line":25,"column":4},"end":{"line":27,"column":5}},"type":"if","locations":[{"start":{"line":25,"column":4},"end":{"line":27,"column":5}},{"start":{"line":25,"column":4},"end":{"line":27,"column":5}}],"line":25},"1":{"loc":{"start":{"line":31,"column":4},"end":{"line":33,"column":5}},"type":"if","locations":[{"start":{"line":31,"column":4},"end":{"line":33,"column":5}},{"start":{"line":31,"column":4},"end":{"line":33,"column":5}}],"line":31},"2":{"loc":{"start":{"line":50,"column":10},"end":{"line":58,"column":12}},"type":"binary-expr","locations":[{"start":{"line":50,"column":10},"end":{"line":50,"column":27}},{"start":{"line":51,"column":10},"end":{"line":58,"column":12}}],"line":50}},"s":{"0":1,"1":0,"2":0,"3":0,"4":0,"5":0,"6":0,"7":0,"8":1,"9":1,"10":1,"11":1,"12":1,"13":1,"14":0,"15":0,"16":0,"17":0,"18":1},"f":{"0":1,"1":0,"2":0,"3":0,"4":0,"5":1,"6":1,"7":1,"8":1,"9":0,"10":0,"11":0,"12":0},"b":{"0":[0,0],"1":[0,0],"2":[1,1]},"_coverageSchema":"332fd63041d2c1bcb487cc26dd0d5f7d97098a6c","hash":"e7ef6d3a359766fa028917f9e0a38af1751eefdf"}
,"/Users/jordankline/Desktop/code/EPAM/React-App-Mentoring-Program/src/containers/ShowPage/ShowPage.js": {"path":"/Users/jordankline/Desktop/code/EPAM/React-App-Mentoring-Program/src/containers/ShowPage/ShowPage.js","statementMap":{"0":{"start":{"line":16,"column":4},"end":{"line":16,"column":16}},"1":{"start":{"line":20,"column":4},"end":{"line":20,"column":65}},"2":{"start":{"line":24,"column":4},"end":{"line":26,"column":5}},"3":{"start":{"line":25,"column":6},"end":{"line":25,"column":67}},"4":{"start":{"line":30,"column":4},"end":{"line":30,"column":36}},"5":{"start":{"line":31,"column":4},"end":{"line":31,"column":44}},"6":{"start":{"line":35,"column":4},"end":{"line":43,"column":5}},"7":{"start":{"line":47,"column":24},"end":{"line":54,"column":1}},"8":{"start":{"line":48,"column":2},"end":{"line":53,"column":3}},"9":{"start":{"line":56,"column":27},"end":{"line":62,"column":1}},"10":{"start":{"line":57,"column":2},"end":{"line":61,"column":3}},"11":{"start":{"line":58,"column":31},"end":{"line":58,"column":62}},"12":{"start":{"line":59,"column":34},"end":{"line":59,"column":70}},"13":{"start":{"line":60,"column":39},"end":{"line":60,"column":78}},"14":{"start":{"line":69,"column":0},"end":{"line":77,"column":1}}},"fnMap":{"0":{"name":"(anonymous_0)","decl":{"start":{"line":15,"column":2},"end":{"line":15,"column":3}},"loc":{"start":{"line":15,"column":21},"end":{"line":17,"column":3}},"line":15},"1":{"name":"(anonymous_1)","decl":{"start":{"line":19,"column":22},"end":{"line":19,"column":23}},"loc":{"start":{"line":19,"column":28},"end":{"line":21,"column":3}},"line":19},"2":{"name":"(anonymous_2)","decl":{"start":{"line":23,"column":23},"end":{"line":23,"column":24}},"loc":{"start":{"line":23,"column":36},"end":{"line":27,"column":3}},"line":23},"3":{"name":"(anonymous_3)","decl":{"start":{"line":29,"column":25},"end":{"line":29,"column":26}},"loc":{"start":{"line":29,"column":31},"end":{"line":32,"column":3}},"line":29},"4":{"name":"(anonymous_4)","decl":{"start":{"line":34,"column":2},"end":{"line":34,"column":3}},"loc":{"start":{"line":34,"column":11},"end":{"line":44,"column":3}},"line":34},"5":{"name":"(anonymous_5)","decl":{"start":{"line":47,"column":24},"end":{"line":47,"column":25}},"loc":{"start":{"line":47,"column":33},"end":{"line":54,"column":1}},"line":47},"6":{"name":"(anonymous_6)","decl":{"start":{"line":56,"column":27},"end":{"line":56,"column":28}},"loc":{"start":{"line":56,"column":39},"end":{"line":62,"column":1}},"line":56},"7":{"name":"(anonymous_7)","decl":{"start":{"line":58,"column":25},"end":{"line":58,"column":26}},"loc":{"start":{"line":58,"column":31},"end":{"line":58,"column":62}},"line":58},"8":{"name":"(anonymous_8)","decl":{"start":{"line":59,"column":28},"end":{"line":59,"column":29}},"loc":{"start":{"line":59,"column":34},"end":{"line":59,"column":70}},"line":59},"9":{"name":"(anonymous_9)","decl":{"start":{"line":60,"column":33},"end":{"line":60,"column":34}},"loc":{"start":{"line":60,"column":39},"end":{"line":60,"column":78}},"line":60}},"branchMap":{"0":{"loc":{"start":{"line":24,"column":4},"end":{"line":26,"column":5}},"type":"if","locations":[{"start":{"line":24,"column":4},"end":{"line":26,"column":5}},{"start":{"line":24,"column":4},"end":{"line":26,"column":5}}],"line":24}},"s":{"0":0,"1":0,"2":0,"3":0,"4":0,"5":0,"6":0,"7":1,"8":0,"9":1,"10":0,"11":0,"12":0,"13":0,"14":1},"f":{"0":0,"1":0,"2":0,"3":0,"4":0,"5":0,"6":0,"7":0,"8":0,"9":0},"b":{"0":[0,0]},"_coverageSchema":"332fd63041d2c1bcb487cc26dd0d5f7d97098a6c","hash":"bf31cad9732d14415657759836113b10227f6250"}
,"/Users/jordankline/Desktop/code/EPAM/React-App-Mentoring-Program/src/reducers/index.js": {"path":"/Users/jordankline/Desktop/code/EPAM/React-App-Mentoring-Program/src/reducers/index.js","statementMap":{"0":{"start":{"line":4,"column":20},"end":{"line":6,"column":2}}},"fnMap":{},"branchMap":{},"s":{"0":1},"f":{},"b":{},"_coverageSchema":"332fd63041d2c1bcb487cc26dd0d5f7d97098a6c","hash":"8a223c2aa41ab382efc0fc41f3f3ffcde8361b21"}
,"/Users/jordankline/Desktop/code/EPAM/React-App-Mentoring-Program/src/reducers/moviesReducer.js": {"path":"/Users/jordankline/Desktop/code/EPAM/React-App-Mentoring-Program/src/reducers/moviesReducer.js","statementMap":{"0":{"start":{"line":1,"column":21},"end":{"line":11,"column":1}},"1":{"start":{"line":14,"column":2},"end":{"line":73,"column":3}},"2":{"start":{"line":16,"column":4},"end":{"line":19,"column":5}},"3":{"start":{"line":21,"column":4},"end":{"line":24,"column":5}},"4":{"start":{"line":26,"column":4},"end":{"line":32,"column":5}},"5":{"start":{"line":34,"column":4},"end":{"line":37,"column":5}},"6":{"start":{"line":39,"column":4},"end":{"line":43,"column":5}},"7":{"start":{"line":45,"column":4},"end":{"line":48,"column":5}},"8":{"start":{"line":50,"column":4},"end":{"line":53,"column":5}},"9":{"start":{"line":55,"column":4},"end":{"line":58,"column":5}},"10":{"start":{"line":60,"column":4},"end":{"line":70,"column":5}},"11":{"start":{"line":61,"column":6},"end":{"line":64,"column":7}},"12":{"start":{"line":63,"column":44},"end":{"line":63,"column":75}},"13":{"start":{"line":66,"column":6},"end":{"line":69,"column":7}},"14":{"start":{"line":68,"column":44},"end":{"line":68,"column":75}},"15":{"start":{"line":72,"column":4},"end":{"line":72,"column":16}}},"fnMap":{"0":{"name":"moviesReducer","decl":{"start":{"line":13,"column":24},"end":{"line":13,"column":37}},"loc":{"start":{"line":13,"column":68},"end":{"line":75,"column":1}},"line":13},"1":{"name":"(anonymous_1)","decl":{"start":{"line":63,"column":34},"end":{"line":63,"column":35}},"loc":{"start":{"line":63,"column":44},"end":{"line":63,"column":75}},"line":63},"2":{"name":"(anonymous_2)","decl":{"start":{"line":68,"column":34},"end":{"line":68,"column":35}},"loc":{"start":{"line":68,"column":44},"end":{"line":68,"column":75}},"line":68}},"branchMap":{"0":{"loc":{"start":{"line":13,"column":38},"end":{"line":13,"column":58}},"type":"default-arg","locations":[{"start":{"line":13,"column":46},"end":{"line":13,"column":58}}],"line":13},"1":{"loc":{"start":{"line":14,"column":2},"end":{"line":73,"column":3}},"type":"switch","locations":[{"start":{"line":15,"column":2},"end":{"line":19,"column":5}},{"start":{"line":20,"column":2},"end":{"line":24,"column":5}},{"start":{"line":25,"column":2},"end":{"line":32,"column":5}},{"start":{"line":33,"column":2},"end":{"line":37,"column":5}},{"start":{"line":38,"column":2},"end":{"line":43,"column":5}},{"start":{"line":44,"column":2},"end":{"line":48,"column":5}},{"start":{"line":49,"column":2},"end":{"line":53,"column":5}},{"start":{"line":54,"column":2},"end":{"line":58,"column":5}},{"start":{"line":59,"column":2},"end":{"line":70,"column":5}},{"start":{"line":71,"column":2},"end":{"line":72,"column":16}}],"line":14},"2":{"loc":{"start":{"line":60,"column":4},"end":{"line":70,"column":5}},"type":"if","locations":[{"start":{"line":60,"column":4},"end":{"line":70,"column":5}},{"start":{"line":60,"column":4},"end":{"line":70,"column":5}}],"line":60}},"s":{"0":1,"1":3,"2":0,"3":0,"4":0,"5":0,"6":0,"7":0,"8":0,"9":0,"10":0,"11":0,"12":0,"13":0,"14":0,"15":3},"f":{"0":3,"1":0,"2":0},"b":{"0":[3],"1":[0,0,0,0,0,0,0,0,0,3],"2":[0,0]},"_coverageSchema":"332fd63041d2c1bcb487cc26dd0d5f7d97098a6c","hash":"27a6d48b8d8ee8c90b30ddc5bae7f3a25f818ed9"}
}
